c:\universitat\2n quadri\projecte i\redsquare\redsquare\release\vc141.pdb
c:\universitat\2n quadri\projecte i\redsquare\redsquare\release\main.obj
c:\universitat\2n quadri\projecte i\redsquare\redsquare\release\redsquare.exe
c:\universitat\2n quadri\projecte i\redsquare\redsquare\release\redsquare.pdb
c:\universitat\2n quadri\projecte i\redsquare\redsquare\release\redsquare.lib
c:\universitat\2n quadri\projecte i\redsquare\redsquare\release\redsquare.exp
c:\universitat\2n quadri\projecte i\redsquare\redsquare\release\redsquare.ipdb
c:\universitat\2n quadri\projecte i\redsquare\redsquare\release\redsquare.iobj
j:\uni\2n quadri\projecte 1\redsquare\redsquare\release\main.obj
j:\uni\2n quadri\projecte 1\redsquare\redsquare\release\redsquare.ipdb
j:\uni\2n quadri\projecte 1\redsquare\redsquare\release\redsquare.iobj
j:\uni\2n quadri\projecte 1\redsquare\redsquare\release\redsquare.exp
j:\uni\2n quadri\projecte 1\redsquare\redsquare\release\vc141.pdb
j:\uni\2n quadri\projecte 1\redsquare\redsquare\release\redsquare.pdb
j:\uni\2n quadri\projecte 1\redsquare\redsquare\release\redsquare.exe
j:\uni\2n quadri\projecte 1\redsquare\redsquare\release\redsquare.tlog\cl.read.1.tlog
j:\uni\2n quadri\projecte 1\redsquare\redsquare\release\redsquare.tlog\cl.write.1.tlog
j:\uni\2n quadri\projecte 1\redsquare\redsquare\release\redsquare.tlog\cl.command.1.tlog
j:\uni\2n quadri\projecte 1\redsquare\redsquare\release\redsquare.tlog\link.read.1.tlog
j:\uni\2n quadri\projecte 1\redsquare\redsquare\release\redsquare.tlog\link.write.1.tlog
j:\uni\2n quadri\projecte 1\redsquare\redsquare\release\redsquare.tlog\link.command.1.tlog
j:\uni\2n quadri\projecte 1\redsquare\redsquare\release\redsquare.tlog\redsquare.write.1u.tlog
